sample.interval=20000
"ls" "FUN" "lapply" ".rs.objectsOnSearchPath" ".rs.getCompletionsSearchPath" "Reduce" "<Anonymous>" 
"objects" ".rs.getHelpFromObject" ".rs.getHelpFunction" "<Anonymous>" 
"<Anonymous>" "do.call" "doTryCatch" "tryCatchOne" "tryCatchList" "tryCatch" ".rs.getHelpFromObject" ".rs.getHelpFunction" "<Anonymous>" 
"unlist" "simplify2array" "RdTags" "writeContent" "writeWrapped" "writeBlock" "writeContent" "writeContent" "writeSection" "Rd2HTML" "tools:::httpd" "withCallingHandlers" "suppressWarnings" ".rs.getHelp" ".rs.getHelpFromObject" ".rs.getHelpFunction" "<Anonymous>" 
"close.connection" "close" "Rd2HTML" "tools:::httpd" "withCallingHandlers" "suppressWarnings" ".rs.getHelp" ".rs.getHelpFromObject" ".rs.getHelpFunction" "<Anonymous>" 
"lazyLoadDBfetch" "fetch" "fun" "lazyLoadDBexec" "tools:::fetchRdDB" "utils:::.getHelpFile" "prepare_Rd" "Rd2HTML" "tools:::httpd" "withCallingHandlers" "suppressWarnings" ".rs.getHelp" ".rs.getHelpFromObject" ".rs.getHelpFunction" "<Anonymous>" 
"lapply" "RdTags" "writeContent" "writeWrapped" "writeBlock" "writeContent" "writeSection" "Rd2HTML" "tools:::httpd" "withCallingHandlers" "suppressWarnings" ".rs.getHelp" ".rs.getHelpFromObject" ".rs.getHelpFunction" "<Anonymous>" 
"psub" "htmlify" "utils:::getSrcByte" "isBlankLineRd" "addParaBreaks" "writeLines" "writeLinesUTF8" "of1" "writeBlock" "writeContent" "writeSection" "Rd2HTML" "tools:::httpd" "withCallingHandlers" "suppressWarnings" ".rs.getHelp" ".rs.getHelpFromObject" ".rs.getHelpFunction" "<Anonymous>" 
"psub" "htmlify" "utils:::getSrcByte" "isBlankLineRd" "addParaBreaks" "writeLines" "writeLinesUTF8" "of1" "writeBlock" "writeContent" "writeLR" "writeBlock" "writeContent" "writeSection" "Rd2HTML" "tools:::httpd" "withCallingHandlers" "suppressWarnings" ".rs.getHelp" ".rs.getHelpFromObject" ".rs.getHelpFunction" "<Anonymous>" 
"matrix" "La.svd" "svd" 
"La.svd" "svd" 
"La.svd" "svd" 
"La.svd" "svd" 
"La.svd" "svd" 
"La.svd" "svd" 
"La.svd" "svd" 
"La.svd" "svd" 
"La.svd" "svd" 
"La.svd" "svd" 
"La.svd" "svd" 
"La.svd" "svd" 
"La.svd" "svd" 
"La.svd" "svd" 
"La.svd" "svd" 
"La.svd" "svd" 
"La.svd" "svd" 
"La.svd" "svd" 
"La.svd" "svd" 
"La.svd" "svd" 
"La.svd" "svd" 
"La.svd" "svd" 
"La.svd" "svd" 
"La.svd" "svd" 
"La.svd" "svd" 
"La.svd" "svd" 
"La.svd" "svd" 
"La.svd" "svd" 
"La.svd" "svd" 
"La.svd" "svd" 
"La.svd" "svd" 
"La.svd" "svd" 
"La.svd" "svd" 
"La.svd" "svd" 
"La.svd" "svd" 
"La.svd" "svd" 
"La.svd" "svd" 
"La.svd" "svd" 
"La.svd" "svd" 
"La.svd" "svd" 
"La.svd" "svd" 
"La.svd" "svd" 
"La.svd" "svd" 
"La.svd" "svd" 
"La.svd" "svd" 
"La.svd" "svd" 
"La.svd" "svd" 
"La.svd" "svd" 
"La.svd" "svd" 
"La.svd" "svd" 
"La.svd" "svd" 
"La.svd" "svd" 
"La.svd" "svd" 
"La.svd" "svd" 
"La.svd" "svd" 
"La.svd" "svd" 
"La.svd" "svd" 
"La.svd" "svd" 
"La.svd" "svd" 
"La.svd" "svd" 
"La.svd" "svd" 
"La.svd" "svd" 
"La.svd" "svd" 
"La.svd" "svd" 
"La.svd" "svd" 
"La.svd" "svd" 
"La.svd" "svd" 
"La.svd" "svd" 
"La.svd" "svd" 
"La.svd" "svd" 
"La.svd" "svd" 
"La.svd" "svd" 
"La.svd" "svd" 
"La.svd" "svd" 
"La.svd" "svd" 
"La.svd" "svd" 
"La.svd" "svd" 
"La.svd" "svd" 
"La.svd" "svd" 
"La.svd" "svd" 
"La.svd" "svd" 
"La.svd" "svd" 
"La.svd" "svd" 
"La.svd" "svd" 
"La.svd" "svd" 
"La.svd" "svd" 
"La.svd" "svd" 
"La.svd" "svd" 
"La.svd" "svd" 
"La.svd" "svd" 
"La.svd" "svd" 
"La.svd" "svd" 
"La.svd" "svd" 
"La.svd" "svd" 
"ls" "FUN" "lapply" ".rs.objectsOnSearchPath" ".rs.getCompletionsSearchPath" "Reduce" "<Anonymous>" 
"ls" "FUN" "lapply" ".rs.objectsOnSearchPath" ".rs.getCompletionsSearchPath" "Reduce" "<Anonymous>" 
"tolower" "nchar" ".rs.startsWith" ".rs.fuzzyMatches" ".rs.getCompletionsSearchPath" "Reduce" "<Anonymous>" 
"sub" ".rs.doStripSurrounding" ".rs.stripSurrounding" ".rs.getAnywhere" ".rs.resolveObjectFromFunctionCall" ".rs.getCompletionsFunction" ".rs.appendCompletions" ".rs.getRCompletions" ".rs.appendCompletions" "<Anonymous>" 
"ls" "FUN" "lapply" ".rs.objectsOnSearchPath" ".rs.getCompletionsSearchPath" "Reduce" "<Anonymous>" 
"ls" "FUN" "lapply" ".rs.objectsOnSearchPath" ".rs.getCompletionsSearchPath" "Reduce" "<Anonymous>" 
